<?xml version="1.0" encoding="UTF-8"?>
<testsuite xmlns:xsi="http://www.w3.org/2001/XMLSchema-instance" xsi:noNamespaceSchemaLocation="https://maven.apache.org/surefire/maven-surefire-plugin/xsd/surefire-test-report-3.0.xsd" version="3.0" name="com.awakelab.sprintm6.SprintM6ApplicationTests" time="8.676" tests="1" errors="0" skipped="0" failures="0">
  <properties>
[...]
</properties>
  <testcase name="contextLoads" classname="com.awakelab.sprintm6.SprintM6ApplicationTests" time="0.715">
    <system-out><![CDATA[09:07:35.544 [main] INFO org.springframework.test.context.support.AnnotationConfigContextLoaderUtils -- Could not detect default configuration classes for test class [com.awakelab.sprintm6.SprintM6ApplicationTests]: SprintM6ApplicationTests does not declare any static, non-private, non-final, nested classes annotated with @Configuration.
09:07:35.703 [main] INFO org.springframework.boot.test.context.SpringBootTestContextBootstrapper -- Found @SpringBootConfiguration com.awakelab.sprintm6.SprintM6Application for test class com.awakelab.sprintm6.SprintM6ApplicationTests

  .   ____          _            __ _ _
 /\\ / ___'_ __ _ _(_)_ __  __ _ \ \ \ \
( ( )\___ | '_ | '_| | '_ \/ _` | \ \ \ \
 \\/  ___)| |_)| | | | | || (_| |  ) ) ) )
  '  |____| .__|_| |_|_| |_\__, | / / / /
 =========|_|==============|___/=/_/_/_/
 :: Spring Boot ::                (v3.1.1)

2023-07-13T09:07:36.527-04:00  INFO 2400 --- [           main] c.a.sprintm6.SprintM6ApplicationTests    : Starting SprintM6ApplicationTests using Java 17.0.7 with PID 2400 (started by mvarg in C:\Users\mvarg\Dropbox\Talento Digital\Modulo6-Desarrolo de Aplicaciones JEE con Spring Framework\SprintFinalM6_Gustavo\SprintM6)
2023-07-13T09:07:36.529-04:00  INFO 2400 --- [           main] c.a.sprintm6.SprintM6ApplicationTests    : No active profile set, falling back to 1 default profile: "default"
2023-07-13T09:07:37.669-04:00  INFO 2400 --- [           main] .s.d.r.c.RepositoryConfigurationDelegate : Multiple Spring Data modules found, entering strict repository configuration mode
2023-07-13T09:07:37.670-04:00  INFO 2400 --- [           main] .s.d.r.c.RepositoryConfigurationDelegate : Bootstrapping Spring Data JDBC repositories in DEFAULT mode.
2023-07-13T09:07:37.698-04:00  INFO 2400 --- [           main] .s.d.r.c.RepositoryConfigurationDelegate : Finished Spring Data repository scanning in 19 ms. Found 0 JDBC repository interfaces.
2023-07-13T09:07:37.717-04:00  INFO 2400 --- [           main] .s.d.r.c.RepositoryConfigurationDelegate : Multiple Spring Data modules found, entering strict repository configuration mode
2023-07-13T09:07:37.721-04:00  INFO 2400 --- [           main] .s.d.r.c.RepositoryConfigurationDelegate : Bootstrapping Spring Data JPA repositories in DEFAULT mode.
2023-07-13T09:07:37.731-04:00  INFO 2400 --- [           main] .s.d.r.c.RepositoryConfigurationDelegate : Finished Spring Data repository scanning in 3 ms. Found 0 JPA repository interfaces.
2023-07-13T09:07:38.299-04:00  INFO 2400 --- [           main] trationDelegate$BeanPostProcessorChecker : Bean 'org.springframework.ws.config.annotation.DelegatingWsConfiguration' of type [org.springframework.ws.config.annotation.DelegatingWsConfiguration$$SpringCGLIB$$0] is not eligible for getting processed by all BeanPostProcessors (for example: not eligible for auto-proxying)
2023-07-13T09:07:38.398-04:00  INFO 2400 --- [           main] .w.s.a.s.AnnotationActionEndpointMapping : Supporting [WS-Addressing August 2004, WS-Addressing 1.0]
2023-07-13T09:07:38.666-04:00  INFO 2400 --- [           main] com.zaxxer.hikari.HikariDataSource       : HikariPool-1 - Starting...
2023-07-13T09:07:38.995-04:00  INFO 2400 --- [           main] com.zaxxer.hikari.pool.HikariPool        : HikariPool-1 - Added connection com.mysql.cj.jdbc.ConnectionImpl@4d98e41b
2023-07-13T09:07:39.000-04:00  INFO 2400 --- [           main] com.zaxxer.hikari.HikariDataSource       : HikariPool-1 - Start completed.
2023-07-13T09:07:39.057-04:00  INFO 2400 --- [           main] o.hibernate.jpa.internal.util.LogHelper  : HHH000204: Processing PersistenceUnitInfo [name: default]
2023-07-13T09:07:39.174-04:00  INFO 2400 --- [           main] org.hibernate.Version                    : HHH000412: Hibernate ORM core version 6.2.5.Final
2023-07-13T09:07:39.178-04:00  INFO 2400 --- [           main] org.hibernate.cfg.Environment            : HHH000406: Using bytecode reflection optimizer
2023-07-13T09:07:39.562-04:00  INFO 2400 --- [           main] o.h.b.i.BytecodeProviderInitiator        : HHH000021: Bytecode provider name : bytebuddy
2023-07-13T09:07:39.779-04:00  INFO 2400 --- [           main] o.s.o.j.p.SpringPersistenceUnitInfo      : No LoadTimeWeaver setup: ignoring JPA class transformer
2023-07-13T09:07:40.303-04:00  INFO 2400 --- [           main] o.h.b.i.BytecodeProviderInitiator        : HHH000021: Bytecode provider name : bytebuddy
2023-07-13T09:07:41.508-04:00  INFO 2400 --- [           main] o.h.e.t.j.p.i.JtaPlatformInitiator       : HHH000490: Using JtaPlatform implementation: [org.hibernate.engine.transaction.jta.platform.internal.NoJtaPlatform]
2023-07-13T09:07:41.512-04:00  INFO 2400 --- [           main] j.LocalContainerEntityManagerFactoryBean : Initialized JPA EntityManagerFactory for persistence unit 'default'
2023-07-13T09:07:41.733-04:00  WARN 2400 --- [           main] JpaBaseConfiguration$JpaWebConfiguration : spring.jpa.open-in-view is enabled by default. Therefore, database queries may be performed during view rendering. Explicitly configure spring.jpa.open-in-view to disable this warning
2023-07-13T09:07:42.436-04:00  INFO 2400 --- [           main] o.s.b.a.w.s.WelcomePageHandlerMapping    : Adding welcome page template: index
2023-07-13T09:07:43.036-04:00  INFO 2400 --- [           main] c.a.sprintm6.SprintM6ApplicationTests    : Started SprintM6ApplicationTests in 7.0 seconds (process running for 9.285)
]]></system-out>
  </testcase>
</testsuite>